<?xml version="1.0" encoding="UTF-8"?>
<!-- Generated by org.testng.reporters.JUnitReportReporter -->
<testsuite hostname="bogon" name="com.myProject.testcase.testOrder1" tests="1" failures="0" timestamp="25 Feb 2019 09:51:48 GMT" time="0.002" errors="0">
  <testcase name="printOrder1" time="0.002" classname="com.myProject.testcase.testOrder1"/>
</testsuite> <!-- com.myProject.testcase.testOrder1 -->
