<?xml version="1.0" encoding="UTF-8" ?>
<testsuite tests="6" failures="1" name="TestSuite" time="1.772" errors="0" skipped="0">
  <properties>
    <property name="java.runtime.name" value="Java(TM) SE Runtime Environment"/>
    <property name="sun.boot.library.path" value="/Library/Java/JavaVirtualMachines/jdk1.8.0_121.jdk/Contents/Home/jre/lib"/>
    <property name="java.vm.version" value="25.121-b13"/>
    <property name="gopherProxySet" value="false"/>
    <property name="java.vm.vendor" value="Oracle Corporation"/>
    <property name="java.vendor.url" value="http://java.oracle.com/"/>
    <property name="path.separator" value=":"/>
    <property name="java.vm.name" value="Java HotSpot(TM) 64-Bit Server VM"/>
    <property name="file.encoding.pkg" value="sun.io"/>
    <property name="user.country" value="CN"/>
    <property name="sun.java.launcher" value="SUN_STANDARD"/>
    <property name="sun.os.patch.level" value="unknown"/>
    <property name="java.vm.specification.name" value="Java Virtual Machine Specification"/>
    <property name="user.dir" value="/Users/didi/Documents/code/testng-example"/>
    <property name="java.runtime.version" value="1.8.0_121-b13"/>
    <property name="java.awt.graphicsenv" value="sun.awt.CGraphicsEnvironment"/>
    <property name="basedir" value="/Users/didi/Documents/code/testng-example"/>
    <property name="java.endorsed.dirs" value="/Library/Java/JavaVirtualMachines/jdk1.8.0_121.jdk/Contents/Home/jre/lib/endorsed"/>
    <property name="os.arch" value="x86_64"/>
    <property name="surefire.real.class.path" value="/Users/didi/Documents/code/testng-example/target/surefire/surefirebooter1395517382017061516.jar"/>
    <property name="java.io.tmpdir" value="/var/folders/rt/lsw999mx3pj_zzhv_zwr4b940000gn/T/"/>
    <property name="line.separator" value="
"/>
    <property name="java.vm.specification.vendor" value="Oracle Corporation"/>
    <property name="https.proxyHost" value="127.0.0.1"/>
    <property name="os.name" value="Mac OS X"/>
    <property name="sun.jnu.encoding" value="UTF-8"/>
    <property name="java.library.path" value="/Users/didi/Library/Java/Extensions:/Library/Java/Extensions:/Network/Library/Java/Extensions:/System/Library/Java/Extensions:/usr/lib/java:."/>
    <property name="http.proxyPort" value="8888"/>
    <property name="surefire.test.class.path" value="/Users/didi/Documents/code/testng-example/target/test-classes:/Users/didi/Documents/code/testng-example/target/classes:/Users/didi/.m2/repository/org/testng/testng/6.8.8/testng-6.8.8.jar:/Users/didi/.m2/repository/org/beanshell/bsh/2.0b4/bsh-2.0b4.jar:/Users/didi/.m2/repository/com/beust/jcommander/1.27/jcommander-1.27.jar:"/>
    <property name="java.specification.name" value="Java Platform API Specification"/>
    <property name="java.class.version" value="52.0"/>
    <property name="sun.management.compiler" value="HotSpot 64-Bit Tiered Compilers"/>
    <property name="os.version" value="10.14.1"/>
    <property name="user.home" value="/Users/didi"/>
    <property name="user.timezone" value="Asia/Shanghai"/>
    <property name="java.awt.printerjob" value="sun.lwawt.macosx.CPrinterJob"/>
    <property name="java.specification.version" value="1.8"/>
    <property name="file.encoding" value="UTF-8"/>
    <property name="user.name" value="didi"/>
    <property name="java.class.path" value="/Users/didi/Documents/code/testng-example/target/test-classes:/Users/didi/Documents/code/testng-example/target/classes:/Users/didi/.m2/repository/org/testng/testng/6.8.8/testng-6.8.8.jar:/Users/didi/.m2/repository/org/beanshell/bsh/2.0b4/bsh-2.0b4.jar:/Users/didi/.m2/repository/com/beust/jcommander/1.27/jcommander-1.27.jar:"/>
    <property name="java.vm.specification.version" value="1.8"/>
    <property name="sun.arch.data.model" value="64"/>
    <property name="java.home" value="/Library/Java/JavaVirtualMachines/jdk1.8.0_121.jdk/Contents/Home/jre"/>
    <property name="sun.java.command" value="/Users/didi/Documents/code/testng-example/target/surefire/surefirebooter1395517382017061516.jar /Users/didi/Documents/code/testng-example/target/surefire/surefire6955354020200682665tmp /Users/didi/Documents/code/testng-example/target/surefire/surefire8196357596818145891tmp"/>
    <property name="java.specification.vendor" value="Oracle Corporation"/>
    <property name="user.language" value="zh"/>
    <property name="awt.toolkit" value="sun.lwawt.macosx.LWCToolkit"/>
    <property name="java.vm.info" value="mixed mode"/>
    <property name="java.version" value="1.8.0_121"/>
    <property name="java.ext.dirs" value="/Users/didi/Library/Java/Extensions:/Library/Java/JavaVirtualMachines/jdk1.8.0_121.jdk/Contents/Home/jre/lib/ext:/Library/Java/Extensions:/Network/Library/Java/Extensions:/System/Library/Java/Extensions:/usr/lib/java"/>
    <property name="http.proxyHost" value="127.0.0.1"/>
    <property name="sun.boot.class.path" value="/Library/Java/JavaVirtualMachines/jdk1.8.0_121.jdk/Contents/Home/jre/lib/resources.jar:/Library/Java/JavaVirtualMachines/jdk1.8.0_121.jdk/Contents/Home/jre/lib/rt.jar:/Library/Java/JavaVirtualMachines/jdk1.8.0_121.jdk/Contents/Home/jre/lib/sunrsasign.jar:/Library/Java/JavaVirtualMachines/jdk1.8.0_121.jdk/Contents/Home/jre/lib/jsse.jar:/Library/Java/JavaVirtualMachines/jdk1.8.0_121.jdk/Contents/Home/jre/lib/jce.jar:/Library/Java/JavaVirtualMachines/jdk1.8.0_121.jdk/Contents/Home/jre/lib/charsets.jar:/Library/Java/JavaVirtualMachines/jdk1.8.0_121.jdk/Contents/Home/jre/lib/jfr.jar:/Library/Java/JavaVirtualMachines/jdk1.8.0_121.jdk/Contents/Home/jre/classes"/>
    <property name="java.vendor" value="Oracle Corporation"/>
    <property name="localRepository" value="/Users/didi/.m2/repository"/>
    <property name="file.separator" value="/"/>
    <property name="java.vendor.url.bug" value="http://bugreport.sun.com/bugreport/"/>
    <property name="sun.cpu.endian" value="little"/>
    <property name="sun.io.unicode.encoding" value="UnicodeBig"/>
    <property name="https.proxyPort" value="8888"/>
    <property name="sun.cpu.isalist" value=""/>
  </properties>
  <testcase classname="com.myProject.testcase.testOrder2" name="printOrder2" time="0.001"/>
  <testcase classname="com.myProject.testcase.testOrder2" name="testDataprovider_2" time="0.001"/>
  <testcase classname="com.myProject.testcase.testOrder2" name="testDataprovider_2" time="0"/>
  <testcase classname="com.myProject.testcase.testOrder2" name="testDataprovider_2" time="0"/>
  <testcase classname="com.myProject.testcase.testOrder2" name="z" time="0.008">
    <failure message="/ by zero" type="java.lang.ArithmeticException">java.lang.ArithmeticException: / by zero
	at com.myProject.testcase.testOrder2.z(testOrder2.java:50)
</failure>
    <system-out>testDataprovider_2--Test method success
75204610980964
testOrder2.afterMethod-------------------
testOrder2.beforeMethod-------------------
</system-out>
  </testcase>
  <testcase classname="com.myProject.testcase.testOrder1" name="printOrder1" time="0"/>
</testsuite>